<?xml version="1.0" encoding="UTF-8"?>
<testsuite xmlns:xsi="http://www.w3.org/2001/XMLSchema-instance" xsi:noNamespaceSchemaLocation="https://maven.apache.org/surefire/maven-surefire-plugin/xsd/surefire-test-report-3.0.xsd" version="3.0" name="com.eulerity.hackathon.imagefinder.ImageFinderTest" time="2.119" tests="1" errors="0" skipped="0" failures="0">
  <properties>
[...]
</properties>
  <testcase name="testValidUrl" classname="com.eulerity.hackathon.imagefinder.ImageFinderTest" time="2.086">
    <system-out><![CDATA[Got request with URL: https://www.walmart.com/
]]></system-out>
  </testcase>
</testsuite>